[debug] [2022-09-27T19:39:26.495Z] ----------------------------------------------------------------------
[debug] [2022-09-27T19:39:26.497Z] Command:       C:\Program Files\nodejs\node.exe C:\Users\ADMIN\AppData\Roaming\npm\node_modules\firebase-tools\lib\bin\firebase.js init
[debug] [2022-09-27T19:39:26.497Z] CLI Version:   11.9.0
[debug] [2022-09-27T19:39:26.498Z] Platform:      win32
[debug] [2022-09-27T19:39:26.498Z] Node Version:  v16.14.2
[debug] [2022-09-27T19:39:26.499Z] Time:          Wed Sep 28 2022 01:09:26 GMT+0530 (India Standard Time)
[debug] [2022-09-27T19:39:26.499Z] ----------------------------------------------------------------------
[debug] 
[debug] [2022-09-27T19:39:26.503Z] >>> [apiv2][query] GET https://firebase-public.firebaseio.com/cli.json [none]
[debug] [2022-09-27T19:39:26.523Z] > command requires scopes: ["email","openid","https://www.googleapis.com/auth/cloudplatformprojects.readonly","https://www.googleapis.com/auth/firebase","https://www.googleapis.com/auth/cloud-platform"]
[debug] [2022-09-27T19:39:26.523Z] > authorizing via signed-in user (darshshah7472@gmail.com)
[info] 
     ######## #### ########  ######## ########     ###     ######  ########
     ##        ##  ##     ## ##       ##     ##  ##   ##  ##       ##
     ######    ##  ########  ######   ########  #########  ######  ######
     ##        ##  ##    ##  ##       ##     ## ##     ##       ## ##
     ##       #### ##     ## ######## ########  ##     ##  ######  ########

You're about to initialize a Firebase project in this directory:

  D:\React-projects\portfolio-2.0\portfolio-2022

[debug] [2022-09-27T19:39:27.178Z] <<< [apiv2][status] GET https://firebase-public.firebaseio.com/cli.json 200
[debug] [2022-09-27T19:39:27.178Z] <<< [apiv2][body] GET https://firebase-public.firebaseio.com/cli.json {"cloudBuildErrorAfter":1594252800000,"cloudBuildWarnAfter":1590019200000,"defaultNode10After":1594252800000,"minVersion":"3.0.5","node8DeploysDisabledAfter":1613390400000,"node8RuntimeDisabledAfter":1615809600000,"node8WarnAfter":1600128000000}
